Build started 10/7/2012 12:49:21 AM.
     1>Project "C:\Users\Admin\Documents\Visual Studio 2010\Projects\ExpressionEvaluator\ExpressionEvaluator\ExpressionEvaluator.vcxproj" on node 2 (build target(s)).
     1>InitializeBuildStatus:
         Creating "Debug\ExpressionEvaluator.unsuccessfulbuild" because "AlwaysCreate" was specified.
       ClCompile:
         c:\Program Files (x86)\Microsoft Visual Studio 10.0\VC\bin\CL.exe /c /ZI /nologo /W3 /WX- /Od /Oy- /D WIN32 /D _DEBUG /D _CONSOLE /D _UNICODE /D UNICODE /Gm /EHsc /RTC1 /MDd /GS /fp:precise /Zc:wchar_t /Zc:forScope /Fo"Debug\\" /Fd"Debug\vc100.pdb" /Gd /TP /analyze- /errorReport:prompt main.cpp
         main.cpp
     1>c:\users\admin\documents\visual studio 2010\projects\expressionevaluator\expressionevaluator\expressionevaluator.h(50): warning C4715: 'ExpressionEvaluator::eval_operator' : not all control paths return a value
       ManifestResourceCompile:
         All outputs are up-to-date.
       Link:
         c:\Program Files (x86)\Microsoft Visual Studio 10.0\VC\bin\link.exe /ERRORREPORT:PROMPT /OUT:"C:\Users\Admin\Documents\Visual Studio 2010\Projects\ExpressionEvaluator\Debug\ExpressionEvaluator.exe" /INCREMENTAL /NOLOGO kernel32.lib user32.lib gdi32.lib winspool.lib comdlg32.lib advapi32.lib shell32.lib ole32.lib oleaut32.lib uuid.lib odbc32.lib odbccp32.lib /MANIFEST /ManifestFile:"Debug\ExpressionEvaluator.exe.intermediate.manifest" /MANIFESTUAC:"level='asInvoker' uiAccess='false'" /DEBUG /PDB:"C:\Users\Admin\Documents\Visual Studio 2010\Projects\ExpressionEvaluator\Debug\ExpressionEvaluator.pdb" /SUBSYSTEM:CONSOLE /TLBID:1 /DYNAMICBASE /NXCOMPAT /IMPLIB:"C:\Users\Admin\Documents\Visual Studio 2010\Projects\ExpressionEvaluator\Debug\ExpressionEvaluator.lib" /MACHINE:X86 Debug\ExpressionEvaluator.exe.embed.manifest.res
         Debug\main.obj
       Manifest:
         C:\Program Files (x86)\Microsoft SDKs\Windows\v7.0A\bin\mt.exe /nologo /verbose /out:"Debug\ExpressionEvaluator.exe.embed.manifest" /manifest Debug\ExpressionEvaluator.exe.intermediate.manifest
         All outputs are up-to-date.
       LinkEmbedManifest:
         All outputs are up-to-date.
         ExpressionEvaluator.vcxproj -> C:\Users\Admin\Documents\Visual Studio 2010\Projects\ExpressionEvaluator\Debug\ExpressionEvaluator.exe
       FinalizeBuildStatus:
         Deleting file "Debug\ExpressionEvaluator.unsuccessfulbuild".
         Touching "Debug\ExpressionEvaluator.lastbuildstate".
     1>Done Building Project "C:\Users\Admin\Documents\Visual Studio 2010\Projects\ExpressionEvaluator\ExpressionEvaluator\ExpressionEvaluator.vcxproj" (build target(s)).

Build succeeded.

Time Elapsed 00:00:01.37
